#
# There is insufficient memory for the Java Runtime Environment to continue.
# Native memory allocation (malloc) failed to allocate 98960 bytes for Chunk::new
# Possible reasons:
#   The system is out of physical RAM or swap space
#   The process is running with CompressedOops enabled, and the Java Heap may be blocking the growth of the native heap
# Possible solutions:
#   Reduce memory load on the system
#   Increase physical memory or swap space
#   Check if swap backing store is full
#   Decrease Java heap size (-Xmx/-Xms)
#   Decrease number of Java threads
#   Decrease Java thread stack sizes (-Xss)
#   Set larger code cache with -XX:ReservedCodeCacheSize=
#   JVM is running with Zero Based Compressed Oops mode in which the Java heap is
#     placed in the first 32GB address space. The Java Heap base address is the
#     maximum limit for the native heap growth. Please use -XX:HeapBaseMinAddress
#     to set the Java Heap base and to place the Java Heap above 32GB virtual address.
# This output file may be truncated or incomplete.
#
#  Out of Memory Error (arena.cpp:195), pid=10944, tid=15584
#
# JRE version: Java(TM) SE Runtime Environment (16.0.2+7) (build 16.0.2+7-67)
# Java VM: Java HotSpot(TM) 64-Bit Server VM (16.0.2+7-67, mixed mode, sharing, tiered, compressed oops, compressed class ptrs, g1 gc, windows-amd64)
# No core dump will be written. Minidumps are not enabled by default on client versions of Windows
#

---------------  S U M M A R Y ------------

Command Line: -Dfile.encoding=MS949 -XX:+ShowCodeDetailsInExceptionMessages quiz0908.HelloInsertForm

Host: Intel(R) Core(TM) i5-8300H CPU @ 2.30GHz, 8 cores, 11G,  Windows 10 , 64 bit Build 19041 (10.0.19041.1151)
Time: Thu Sep  9 00:34:15 2021  Windows 10 , 64 bit Build 19041 (10.0.19041.1151) elapsed time: 0.076860 seconds (0d 0h 0m 0s)

---------------  T H R E A D  ---------------

Current thread (0x000001df235e8710):  JavaThread "main" [_thread_in_vm, id=15584, stack(0x0000009042b00000,0x0000009042c00000)]

Stack: [0x0000009042b00000,0x0000009042c00000]
Native frames: (J=compiled Java code, j=interpreted, Vv=VM code, C=native code)
V  [jvm.dll+0x6681ca]
V  [jvm.dll+0x7c9e69]
V  [jvm.dll+0x7cb61e]
V  [jvm.dll+0x7cbc73]
V  [jvm.dll+0x242c55]
V  [jvm.dll+0xadeba]
V  [jvm.dll+0xae45c]
V  [jvm.dll+0x1f1e5f]
V  [jvm.dll+0x1f0c53]
V  [jvm.dll+0x741863]
V  [jvm.dll+0x743108]
V  [jvm.dll+0x74396d]
V  [jvm.dll+0x1eaee7]
V  [jvm.dll+0x1df64a]
V  [jvm.dll+0x535ff8]
V  [jvm.dll+0x1f0d52]
V  [jvm.dll+0x741863]
V  [jvm.dll+0x743108]
V  [jvm.dll+0x74396d]
V  [jvm.dll+0x1eaee7]
V  [jvm.dll+0x1df64a]
V  [jvm.dll+0x535ff8]
V  [jvm.dll+0x1f0d52]
V  [jvm.dll+0x741863]
V  [jvm.dll+0x743108]
V  [jvm.dll+0x74396d]
V  [jvm.dll+0x1eaee7]
V  [jvm.dll+0x1df64a]
V  [jvm.dll+0x535ff8]
V  [jvm.dll+0x1f0d52]
V  [jvm.dll+0x741863]
V  [jvm.dll+0x743108]
V  [jvm.dll+0x74396d]
V  [jvm.dll+0x1eaee7]
V  [jvm.dll+0x1df64a]
V  [jvm.dll+0x535ff8]
V  [jvm.dll+0x1f0d52]
V  [jvm.dll+0x741863]
V  [jvm.dll+0x743108]
V  [jvm.dll+0x40df84]
C  [java.dll+0x1a31]

Java frames: (J=compiled Java code, j=interpreted, Vv=VM code)
j  java.lang.ClassLoader.findBootstrapClass(Ljava/lang/String;)Ljava/lang/Class;+0 java.base@16.0.2
j  java.lang.ClassLoader.findBootstrapClassOrNull(Ljava/lang/String;)Ljava/lang/Class;+12 java.base@16.0.2
j  java.lang.System$2.findBootstrapClassOrNull(Ljava/lang/ClassLoader;Ljava/lang/String;)Ljava/lang/Class;+2 java.base@16.0.2
j  jdk.internal.loader.ClassLoaders$BootClassLoader.loadClassOrNull(Ljava/lang/String;Z)Ljava/lang/Class;+5 java.base@16.0.2
j  jdk.internal.loader.BuiltinClassLoader.loadClassOrNull(Ljava/lang/String;)Ljava/lang/Class;+3 java.base@16.0.2
j  jdk.internal.loader.BuiltinClassLoader.loadClassOrNull(Ljava/lang/String;Z)Ljava/lang/Class;+66 java.base@16.0.2
j  jdk.internal.loader.BuiltinClassLoader.loadClass(Ljava/lang/String;Z)Ljava/lang/Class;+3 java.base@16.0.2
j  jdk.internal.loader.ClassLoaders$AppClassLoader.loadClass(Ljava/lang/String;Z)Ljava/lang/Class;+36 java.base@16.0.2
j  java.lang.ClassLoader.loadClass(Ljava/lang/String;)Ljava/lang/Class;+3 java.base@16.0.2
v  ~StubRoutines::call_stub
j  java.lang.ClassLoader.defineClass1(Ljava/lang/ClassLoader;Ljava/lang/String;[BIILjava/security/ProtectionDomain;Ljava/lang/String;)Ljava/lang/Class;+0 java.base@16.0.2
j  java.lang.ClassLoader.defineClass(Ljava/lang/String;[BIILjava/security/ProtectionDomain;)Ljava/lang/Class;+27 java.base@16.0.2
j  java.security.SecureClassLoader.defineClass(Ljava/lang/String;[BIILjava/security/CodeSource;)Ljava/lang/Class;+12 java.base@16.0.2
j  jdk.internal.loader.BuiltinClassLoader.defineClass(Ljava/lang/String;Ljdk/internal/loader/Resource;)Ljava/lang/Class;+117 java.base@16.0.2
j  jdk.internal.loader.BuiltinClassLoader.findClassOnClassPathOrNull(Ljava/lang/String;)Ljava/lang/Class;+37 java.base@16.0.2
j  jdk.internal.loader.BuiltinClassLoader.loadClassOrNull(Ljava/lang/String;Z)Ljava/lang/Class;+111 java.base@16.0.2
j  jdk.internal.loader.BuiltinClassLoader.loadClass(Ljava/lang/String;Z)Ljava/lang/Class;+3 java.base@16.0.2
j  jdk.internal.loader.ClassLoaders$AppClassLoader.loadClass(Ljava/lang/String;Z)Ljava/lang/Class;+36 java.base@16.0.2
j  java.lang.ClassLoader.loadClass(Ljava/lang/String;)Ljava/lang/Class;+3 java.base@16.0.2
v  ~StubRoutines::call_stub
j  java.lang.Class.forName0(Ljava/lang/String;ZLjava/lang/ClassLoader;Ljava/lang/Class;)Ljava/lang/Class;+0 java.base@16.0.2
j  java.lang.Class.forName(Ljava/lang/String;ZLjava/lang/ClassLoader;)Ljava/lang/Class;+43 java.base@16.0.2
j  sun.launcher.LauncherHelper.loadMainClass(ILjava/lang/String;)Ljava/lang/Class;+95 java.base@16.0.2
j  sun.launcher.LauncherHelper.checkAndLoadMain(ZILjava/lang/String;)Ljava/lang/Class;+42 java.base@16.0.2
v  ~StubRoutines::call_stub

---------------  P R O C E S S  ---------------

Threads class SMR info:
_java_thread_list=0x000001df448ae420, length=12, elements={
0x000001df235e8710, 0x000001df43bc04b0, 0x000001df43bc0fc0, 0x000001df43bd4190,
0x000001df43bd4ca0, 0x000001df43bd76c0, 0x000001df43bdf4f0, 0x000001df43beffd0,
0x000001df43bf09d0, 0x000001df43be3930, 0x000001df448cec30, 0x000001df448d1220
}

Java Threads: ( => current thread )
=>0x000001df235e8710 JavaThread "main" [_thread_in_vm, id=15584, stack(0x0000009042b00000,0x0000009042c00000)]
  0x000001df43bc04b0 JavaThread "Reference Handler" daemon [_thread_blocked, id=30968, stack(0x0000009043200000,0x0000009043300000)]
  0x000001df43bc0fc0 JavaThread "Finalizer" daemon [_thread_blocked, id=30808, stack(0x0000009043300000,0x0000009043400000)]
  0x000001df43bd4190 JavaThread "Signal Dispatcher" daemon [_thread_blocked, id=7396, stack(0x0000009043400000,0x0000009043500000)]
  0x000001df43bd4ca0 JavaThread "Attach Listener" daemon [_thread_blocked, id=31676, stack(0x0000009043500000,0x0000009043600000)]
  0x000001df43bd76c0 JavaThread "Service Thread" daemon [_thread_blocked, id=26040, stack(0x0000009043600000,0x0000009043700000)]
  0x000001df43bdf4f0 JavaThread "Monitor Deflation Thread" daemon [_thread_blocked, id=4912, stack(0x0000009043700000,0x0000009043800000)]
  0x000001df43beffd0 JavaThread "C2 CompilerThread0" daemon [_thread_blocked, id=31228, stack(0x0000009043800000,0x0000009043900000)]
  0x000001df43bf09d0 JavaThread "C1 CompilerThread0" daemon [_thread_blocked, id=31352, stack(0x0000009043900000,0x0000009043a00000)]
  0x000001df43be3930 JavaThread "Sweeper thread" daemon [_thread_blocked, id=31384, stack(0x0000009043a00000,0x0000009043b00000)]
  0x000001df448cec30 JavaThread "Notification Thread" daemon [_thread_blocked, id=26072, stack(0x0000009043b00000,0x0000009043c00000)]
  0x000001df448d1220 JavaThread "Common-Cleaner" daemon [_thread_blocked, id=31516, stack(0x0000009043d00000,0x0000009043e00000)]

Other Threads:
  0x000001df43bbbab0 VMThread "VM Thread" [stack: 0x0000009043100000,0x0000009043200000] [id=30880]
  0x000001df448d0d90 WatcherThread [stack: 0x0000009043c00000,0x0000009043d00000] [id=14912]
  0x000001df2362e290 GCTaskThread "GC Thread#0" [stack: 0x0000009042c00000,0x0000009042d00000] [id=31432]
  0x000001df2363b890 ConcurrentGCThread "G1 Main Marker" [stack: 0x0000009042d00000,0x0000009042e00000] [id=20168]
  0x000001df2363d620 ConcurrentGCThread "G1 Conc#0" [stack: 0x0000009042e00000,0x0000009042f00000] [id=31732]
  0x000001df236ce9b0 ConcurrentGCThread "G1 Refine#0" [stack: 0x0000009042f00000,0x0000009043000000] [id=30916]
  0x000001df43a728a0 ConcurrentGCThread "G1 Service" [stack: 0x0000009043000000,0x0000009043100000] [id=30836]

Threads with active compile tasks:

VM state: not at safepoint (normal execution)

VM Mutex/Monitor currently owned by a thread: None

Heap address: 0x0000000741e00000, size: 3042 MB, Compressed Oops mode: Zero based, Oop shift amount: 3

CDS archive(s) mapped at: [0x0000000800000000-0x0000000800bb0000-0x0000000800bb0000), size 12255232, SharedBaseAddress: 0x0000000800000000, ArchiveRelocationMode: 0.
Compressed class space mapped at: 0x0000000800c00000-0x0000000840c00000, reserved size: 1073741824
Narrow klass base: 0x0000000800000000, Narrow klass shift: 3, Narrow klass range: 0x100000000

GC Precious Log:
 CPUs: 8 total, 8 available
 Memory: 12162M
 Large Page Support: Disabled
 NUMA Support: Disabled
 Compressed Oops: Enabled (Zero based)
 Heap Region Size: 2M
 Heap Min Capacity: 8M
 Heap Initial Capacity: 192M
 Heap Max Capacity: 3042M
 Pre-touch: Disabled
 Parallel Workers: 8
 Concurrent Workers: 2
 Concurrent Refinement Workers: 8
 Periodic GC: Disabled

Heap:
 garbage-first heap   total 196608K, used 0K [0x0000000741e00000, 0x0000000800000000)
  region size 2048K, 1 young (2048K), 0 survivors (0K)
 Metaspace       used 345K, committed 512K, reserved 1056768K
  class space    used 11K, committed 64K, reserved 1048576K

Heap Regions: E=young(eden), S=young(survivor), O=old, HS=humongous(starts), HC=humongous(continues), CS=collection set, F=free, OA=open archive, CA=closed archive, TAMS=top-at-mark-start (previous, next)
|   0|0x0000000741e00000, 0x0000000741e00000, 0x0000000742000000|  0%| F|  |TAMS 0x0000000741e00000, 0x0000000741e00000| Untracked 
|   1|0x0000000742000000, 0x0000000742000000, 0x0000000742200000|  0%| F|  |TAMS 0x0000000742000000, 0x0000000742000000| Untracked 
|   2|0x0000000742200000, 0x0000000742200000, 0x0000000742400000|  0%| F|  |TAMS 0x0000000742200000, 0x0000000742200000| Untracked 
|   3|0x0000000742400000, 0x0000000742400000, 0x0000000742600000|  0%| F|  |TAMS 0x0000000742400000, 0x0000000742400000| Untracked 
|   4|0x0000000742600000, 0x0000000742600000, 0x0000000742800000|  0%| F|  |TAMS 0x0000000742600000, 0x0000000742600000| Untracked 
|   5|0x0000000742800000, 0x0000000742800000, 0x0000000742a00000|  0%| F|  |TAMS 0x0000000742800000, 0x0000000742800000| Untracked 
|   6|0x0000000742a00000, 0x0000000742a00000, 0x0000000742c00000|  0%| F|  |TAMS 0x0000000742a00000, 0x0000000742a00000| Untracked 
|   7|0x0000000742c00000, 0x0000000742c00000, 0x0000000742e00000|  0%| F|  |TAMS 0x0000000742c00000, 0x0000000742c00000| Untracked 
|   8|0x0000000742e00000, 0x0000000742e00000, 0x0000000743000000|  0%| F|  |TAMS 0x0000000742e00000, 0x0000000742e00000| Untracked 
|   9|0x0000000743000000, 0x0000000743000000, 0x0000000743200000|  0%| F|  |TAMS 0x0000000743000000, 0x0000000743000000| Untracked 
|  10|0x0000000743200000, 0x0000000743200000, 0x0000000743400000|  0%| F|  |TAMS 0x0000000743200000, 0x0000000743200000| Untracked 
|  11|0x0000000743400000, 0x0000000743400000, 0x0000000743600000|  0%| F|  |TAMS 0x0000000743400000, 0x0000000743400000| Untracked 
|  12|0x0000000743600000, 0x0000000743600000, 0x0000000743800000|  0%| F|  |TAMS 0x0000000743600000, 0x0000000743600000| Untracked 
|  13|0x0000000743800000, 0x0000000743800000, 0x0000000743a00000|  0%| F|  |TAMS 0x0000000743800000, 0x0000000743800000| Untracked 
|  14|0x0000000743a00000, 0x0000000743a00000, 0x0000000743c00000|  0%| F|  |TAMS 0x0000000743a00000, 0x0000000743a00000| Untracked 
|  15|0x0000000743c00000, 0x0000000743c00000, 0x0000000743e00000|  0%| F|  |TAMS 0x0000000743c00000, 0x0000000743c00000| Untracked 
|  16|0x0000000743e00000, 0x0000000743e00000, 0x0000000744000000|  0%| F|  |TAMS 0x0000000743e00000, 0x0000000743e00000| Untracked 
|  17|0x0000000744000000, 0x0000000744000000, 0x0000000744200000|  0%| F|  |TAMS 0x0000000744000000, 0x0000000744000000| Untracked 
|  18|0x0000000744200000, 0x0000000744200000, 0x0000000744400000|  0%| F|  |TAMS 0x0000000744200000, 0x0000000744200000| Untracked 
|  19|0x0000000744400000, 0x0000000744400000, 0x0000000744600000|  0%| F|  |TAMS 0x0000000744400000, 0x0000000744400000| Untracked 
|  20|0x0000000744600000, 0x0000000744600000, 0x0000000744800000|  0%| F|  |TAMS 0x0000000744600000, 0x0000000744600000| Untracked 
|  21|0x0000000744800000, 0x0000000744800000, 0x0000000744a00000|  0%| F|  |TAMS 0x0000000744800000, 0x0000000744800000| Untracked 
|  22|0x0000000744a00000, 0x0000000744a00000, 0x0000000744c00000|  0%| F|  |TAMS 0x0000000744a00000, 0x0000000744a00000| Untracked 
|  23|0x0000000744c00000, 0x0000000744c00000, 0x0000000744e00000|  0%| F|  |TAMS 0x0000000744c00000, 0x0000000744c00000| Untracked 
|  24|0x0000000744e00000, 0x0000000744e00000, 0x0000000745000000|  0%| F|  |TAMS 0x0000000744e00000, 0x0000000744e00000| Untracked 
|  25|0x0000000745000000, 0x0000000745000000, 0x0000000745200000|  0%| F|  |TAMS 0x0000000745000000, 0x0000000745000000| Untracked 
|  26|0x0000000745200000, 0x0000000745200000, 0x0000000745400000|  0%| F|  |TAMS 0x0000000745200000, 0x0000000745200000| Untracked 
|  27|0x0000000745400000, 0x0000000745400000, 0x0000000745600000|  0%| F|  |TAMS 0x0000000745400000, 0x0000000745400000| Untracked 
|  28|0x0000000745600000, 0x0000000745600000, 0x0000000745800000|  0%| F|  |TAMS 0x0000000745600000, 0x0000000745600000| Untracked 
|  29|0x0000000745800000, 0x0000000745800000, 0x0000000745a00000|  0%| F|  |TAMS 0x0000000745800000, 0x0000000745800000| Untracked 
|  30|0x0000000745a00000, 0x0000000745a00000, 0x0000000745c00000|  0%| F|  |TAMS 0x0000000745a00000, 0x0000000745a00000| Untracked 
|  31|0x0000000745c00000, 0x0000000745c00000, 0x0000000745e00000|  0%| F|  |TAMS 0x0000000745c00000, 0x0000000745c00000| Untracked 
|  32|0x0000000745e00000, 0x0000000745e00000, 0x0000000746000000|  0%| F|  |TAMS 0x0000000745e00000, 0x0000000745e00000| Untracked 
|  33|0x0000000746000000, 0x0000000746000000, 0x0000000746200000|  0%| F|  |TAMS 0x0000000746000000, 0x0000000746000000| Untracked 
|  34|0x0000000746200000, 0x0000000746200000, 0x0000000746400000|  0%| F|  |TAMS 0x0000000746200000, 0x0000000746200000| Untracked 
|  35|0x0000000746400000, 0x0000000746400000, 0x0000000746600000|  0%| F|  |TAMS 0x0000000746400000, 0x0000000746400000| Untracked 
|  36|0x0000000746600000, 0x0000000746600000, 0x0000000746800000|  0%| F|  |TAMS 0x0000000746600000, 0x0000000746600000| Untracked 
|  37|0x0000000746800000, 0x0000000746800000, 0x0000000746a00000|  0%| F|  |TAMS 0x0000000746800000, 0x0000000746800000| Untracked 
|  38|0x0000000746a00000, 0x0000000746a00000, 0x0000000746c00000|  0%| F|  |TAMS 0x0000000746a00000, 0x0000000746a00000| Untracked 
|  39|0x0000000746c00000, 0x0000000746c00000, 0x0000000746e00000|  0%| F|  |TAMS 0x0000000746c00000, 0x0000000746c00000| Untracked 
|  40|0x0000000746e00000, 0x0000000746e00000, 0x0000000747000000|  0%| F|  |TAMS 0x0000000746e00000, 0x0000000746e00000| Untracked 
|  41|0x0000000747000000, 0x0000000747000000, 0x0000000747200000|  0%| F|  |TAMS 0x0000000747000000, 0x0000000747000000| Untracked 
|  42|0x0000000747200000, 0x0000000747200000, 0x0000000747400000|  0%| F|  |TAMS 0x0000000747200000, 0x0000000747200000| Untracked 
|  43|0x0000000747400000, 0x0000000747400000, 0x0000000747600000|  0%| F|  |TAMS 0x0000000747400000, 0x0000000747400000| Untracked 
|  44|0x0000000747600000, 0x0000000747600000, 0x0000000747800000|  0%| F|  |TAMS 0x0000000747600000, 0x0000000747600000| Untracked 
|  45|0x0000000747800000, 0x0000000747800000, 0x0000000747a00000|  0%| F|  |TAMS 0x0000000747800000, 0x0000000747800000| Untracked 
|  46|0x0000000747a00000, 0x0000000747a00000, 0x0000000747c00000|  0%| F|  |TAMS 0x0000000747a00000, 0x0000000747a00000| Untracked 
|  47|0x0000000747c00000, 0x0000000747c00000, 0x0000000747e00000|  0%| F|  |TAMS 0x0000000747c00000, 0x0000000747c00000| Untracked 
|  48|0x0000000747e00000, 0x0000000747e00000, 0x0000000748000000|  0%| F|  |TAMS 0x0000000747e00000, 0x0000000747e00000| Untracked 
|  49|0x0000000748000000, 0x0000000748000000, 0x0000000748200000|  0%| F|  |TAMS 0x0000000748000000, 0x0000000748000000| Untracked 
|  50|0x0000000748200000, 0x0000000748200000, 0x0000000748400000|  0%| F|  |TAMS 0x0000000748200000, 0x0000000748200000| Untracked 
|  51|0x0000000748400000, 0x0000000748400000, 0x0000000748600000|  0%| F|  |TAMS 0x0000000748400000, 0x0000000748400000| Untracked 
|  52|0x0000000748600000, 0x0000000748600000, 0x0000000748800000|  0%| F|  |TAMS 0x0000000748600000, 0x0000000748600000| Untracked 
|  53|0x0000000748800000, 0x0000000748800000, 0x0000000748a00000|  0%| F|  |TAMS 0x0000000748800000, 0x0000000748800000| Untracked 
|  54|0x0000000748a00000, 0x0000000748a00000, 0x0000000748c00000|  0%| F|  |TAMS 0x0000000748a00000, 0x0000000748a00000| Untracked 
|  55|0x0000000748c00000, 0x0000000748c00000, 0x0000000748e00000|  0%| F|  |TAMS 0x0000000748c00000, 0x0000000748c00000| Untracked 
|  56|0x0000000748e00000, 0x0000000748e00000, 0x0000000749000000|  0%| F|  |TAMS 0x0000000748e00000, 0x0000000748e00000| Untracked 
|  57|0x0000000749000000, 0x0000000749000000, 0x0000000749200000|  0%| F|  |TAMS 0x0000000749000000, 0x0000000749000000| Untracked 
|  58|0x0000000749200000, 0x0000000749200000, 0x0000000749400000|  0%| F|  |TAMS 0x0000000749200000, 0x0000000749200000| Untracked 
|  59|0x0000000749400000, 0x0000000749400000, 0x0000000749600000|  0%| F|  |TAMS 0x0000000749400000, 0x0000000749400000| Untracked 
|  60|0x0000000749600000, 0x0000000749600000, 0x0000000749800000|  0%| F|  |TAMS 0x0000000749600000, 0x0000000749600000| Untracked 
|  61|0x0000000749800000, 0x0000000749800000, 0x0000000749a00000|  0%| F|  |TAMS 0x0000000749800000, 0x0000000749800000| Untracked 
|  62|0x0000000749a00000, 0x0000000749a00000, 0x0000000749c00000|  0%| F|  |TAMS 0x0000000749a00000, 0x0000000749a00000| Untracked 
|  63|0x0000000749c00000, 0x0000000749c00000, 0x0000000749e00000|  0%| F|  |TAMS 0x0000000749c00000, 0x0000000749c00000| Untracked 
|  64|0x0000000749e00000, 0x0000000749e00000, 0x000000074a000000|  0%| F|  |TAMS 0x0000000749e00000, 0x0000000749e00000| Untracked 
|  65|0x000000074a000000, 0x000000074a000000, 0x000000074a200000|  0%| F|  |TAMS 0x000000074a000000, 0x000000074a000000| Untracked 
|  66|0x000000074a200000, 0x000000074a200000, 0x000000074a400000|  0%| F|  |TAMS 0x000000074a200000, 0x000000074a200000| Untracked 
|  67|0x000000074a400000, 0x000000074a400000, 0x000000074a600000|  0%| F|  |TAMS 0x000000074a400000, 0x000000074a400000| Untracked 
|  68|0x000000074a600000, 0x000000074a600000, 0x000000074a800000|  0%| F|  |TAMS 0x000000074a600000, 0x000000074a600000| Untracked 
|  69|0x000000074a800000, 0x000000074a800000, 0x000000074aa00000|  0%| F|  |TAMS 0x000000074a800000, 0x000000074a800000| Untracked 
|  70|0x000000074aa00000, 0x000000074aa00000, 0x000000074ac00000|  0%| F|  |TAMS 0x000000074aa00000, 0x000000074aa00000| Untracked 
|  71|0x000000074ac00000, 0x000000074ac00000, 0x000000074ae00000|  0%| F|  |TAMS 0x000000074ac00000, 0x000000074ac00000| Untracked 
|  72|0x000000074ae00000, 0x000000074ae00000, 0x000000074b000000|  0%| F|  |TAMS 0x000000074ae00000, 0x000000074ae00000| Untracked 
|  73|0x000000074b000000, 0x000000074b000000, 0x000000074b200000|  0%| F|  |TAMS 0x000000074b000000, 0x000000074b000000| Untracked 
|  74|0x000000074b200000, 0x000000074b200000, 0x000000074b400000|  0%| F|  |TAMS 0x000000074b200000, 0x000000074b200000| Untracked 
|  75|0x000000074b400000, 0x000000074b400000, 0x000000074b600000|  0%| F|  |TAMS 0x000000074b400000, 0x000000074b400000| Untracked 
|  76|0x000000074b600000, 0x000000074b600000, 0x000000074b800000|  0%| F|  |TAMS 0x000000074b600000, 0x000000074b600000| Untracked 
|  77|0x000000074b800000, 0x000000074b800000, 0x000000074ba00000|  0%| F|  |TAMS 0x000000074b800000, 0x000000074b800000| Untracked 
|  78|0x000000074ba00000, 0x000000074ba00000, 0x000000074bc00000|  0%| F|  |TAMS 0x000000074ba00000, 0x000000074ba00000| Untracked 
|  79|0x000000074bc00000, 0x000000074bc00000, 0x000000074be00000|  0%| F|  |TAMS 0x000000074bc00000, 0x000000074bc00000| Untracked 
|  80|0x000000074be00000, 0x000000074be00000, 0x000000074c000000|  0%| F|  |TAMS 0x000000074be00000, 0x000000074be00000| Untracked 
|  81|0x000000074c000000, 0x000000074c000000, 0x000000074c200000|  0%| F|  |TAMS 0x000000074c000000, 0x000000074c000000| Untracked 
|  82|0x000000074c200000, 0x000000074c200000, 0x000000074c400000|  0%| F|  |TAMS 0x000000074c200000, 0x000000074c200000| Untracked 
|  83|0x000000074c400000, 0x000000074c400000, 0x000000074c600000|  0%| F|  |TAMS 0x000000074c400000, 0x000000074c400000| Untracked 
|  84|0x000000074c600000, 0x000000074c600000, 0x000000074c800000|  0%| F|  |TAMS 0x000000074c600000, 0x000000074c600000| Untracked 
|  85|0x000000074c800000, 0x000000074c800000, 0x000000074ca00000|  0%| F|  |TAMS 0x000000074c800000, 0x000000074c800000| Untracked 
|  86|0x000000074ca00000, 0x000000074ca00000, 0x000000074cc00000|  0%| F|  |TAMS 0x000000074ca00000, 0x000000074ca00000| Untracked 
|  87|0x000000074cc00000, 0x000000074cc00000, 0x000000074ce00000|  0%| F|  |TAMS 0x000000074cc00000, 0x000000074cc00000| Untracked 
|  88|0x000000074ce00000, 0x000000074ce00000, 0x000000074d000000|  0%| F|  |TAMS 0x000000074ce00000, 0x000000074ce00000| Untracked 
|  89|0x000000074d000000, 0x000000074d000000, 0x000000074d200000|  0%| F|  |TAMS 0x000000074d000000, 0x000000074d000000| Untracked 
|  90|0x000000074d200000, 0x000000074d200000, 0x000000074d400000|  0%| F|  |TAMS 0x000000074d200000, 0x000000074d200000| Untracked 
|  91|0x000000074d400000, 0x000000074d400000, 0x000000074d600000|  0%| F|  |TAMS 0x000000074d400000, 0x000000074d400000| Untracked 
|  92|0x000000074d600000, 0x000000074d600000, 0x000000074d800000|  0%| F|  |TAMS 0x000000074d600000, 0x000000074d600000| Untracked 
|  93|0x000000074d800000, 0x000000074d800000, 0x000000074da00000|  0%| F|  |TAMS 0x000000074d800000, 0x000000074d800000| Untracked 
|  94|0x000000074da00000, 0x000000074da00000, 0x000000074dc00000|  0%| F|  |TAMS 0x000000074da00000, 0x000000074da00000| Untracked 
|  95|0x000000074dc00000, 0x000000074ddc29f0, 0x000000074de00000| 88%| E|  |TAMS 0x000000074dc00000, 0x000000074dc00000| Complete 

Card table byte_map: [0x000001df3a6a0000,0x000001df3aca0000] _byte_map_base: 0x000001df36c91000

Marking Bits (Prev, Next): (CMBitMap*) 0x000001df2362e890, (CMBitMap*) 0x000001df2362e8d0
 Prev Bits: [0x000001df3b2a0000, 0x000001df3e228000)
 Next Bits: [0x000001df3e230000, 0x000001df411b8000)

Polling page: 0x000001df215d0000

Metaspace:

Usage:
  Non-class:    334.12 KB used.
      Class:     11.16 KB used.
       Both:    345.28 KB used.

Virtual space:
  Non-class space:        8.00 MB reserved,     448.00 KB (  5%) committed,  1 nodes.
      Class space:        1.00 GB reserved,      64.00 KB ( <1%) committed,  1 nodes.
              Both:        1.01 GB reserved,     512.00 KB ( <1%) committed. 

Chunk freelists:
   Non-Class:  4.00 MB
       Class:  3.75 MB
        Both:  7.75 MB

MaxMetaspaceSize: 17179869184.00 GB
CompressedClassSpaceSize: 1.00 GB
 - commit_granule_bytes: 65536.
 - commit_granule_words: 8192.
 - virtual_space_node_default_size: 1048576.
 - enlarge_chunks_in_place: 1.
 - new_chunks_are_fully_committed: 0.
 - uncommit_free_chunks: 1.
 - use_allocation_guard: 0.
 - handle_deallocations: 1.


Internal statistics:

num_allocs_failed_limit: 0.
num_arena_births: 4.
num_arena_deaths: 0.
num_vsnodes_births: 2.
num_vsnodes_deaths: 0.
num_space_committed: 8.
num_space_uncommitted: 0.
num_chunks_returned_to_freelist: 0.
num_chunks_taken_from_freelist: 4.
num_chunk_merges: 0.
num_chunk_splits: 2.
num_chunks_enlarged: 0.
num_purges: 0.

CodeHeap 'non-profiled nmethods': size=120000Kb used=11Kb max_used=11Kb free=119988Kb
 bounds [0x000001df32840000, 0x000001df32ab0000, 0x000001df39d70000]
CodeHeap 'profiled nmethods': size=120000Kb used=83Kb max_used=83Kb free=119916Kb
 bounds [0x000001df2b310000, 0x000001df2b580000, 0x000001df32840000]
CodeHeap 'non-nmethods': size=5760Kb used=1058Kb max_used=1070Kb free=4701Kb
 bounds [0x000001df2ad70000, 0x000001df2afe0000, 0x000001df2b310000]
 total_blobs=376 nmethods=62 adapters=227
 compilation: enabled
              stopped_count=0, restarted_count=0
 full_count=0

Compilation events (20 events):
Event: 0.068 Thread 0x000001df43bf09d0   56       3       java.util.HashMap::get (19 bytes)
Event: 0.068 Thread 0x000001df43bf09d0 nmethod 56 0x000001df2b323210 code [0x000001df2b3233c0, 0x000001df2b323588]
Event: 0.068 Thread 0x000001df43bf09d0   36       3       jdk.internal.module.ModuleReferenceImpl::hashCode (56 bytes)
Event: 0.068 Thread 0x000001df43bf09d0 nmethod 36 0x000001df2b323690 code [0x000001df2b323880, 0x000001df2b323d08]
Event: 0.068 Thread 0x000001df43bf09d0   54       1       java.lang.module.ModuleDescriptor::isAutomatic (5 bytes)
Event: 0.068 Thread 0x000001df43bf09d0 nmethod 54 0x000001df32842210 code [0x000001df328423a0, 0x000001df32842478]
Event: 0.068 Thread 0x000001df43bf09d0   45       3       java.util.concurrent.ConcurrentHashMap::casTabAt (21 bytes)
Event: 0.068 Thread 0x000001df43bf09d0 nmethod 45 0x000001df2b323e90 code [0x000001df2b324020, 0x000001df2b324198]
Event: 0.068 Thread 0x000001df43bf09d0   59       1       java.util.ImmutableCollections$Set12::isEmpty (2 bytes)
Event: 0.068 Thread 0x000001df43bf09d0 nmethod 59 0x000001df32842510 code [0x000001df328426a0, 0x000001df32842778]
Event: 0.068 Thread 0x000001df43bf09d0   58       1       java.lang.module.ResolvedModule::configuration (5 bytes)
Event: 0.068 Thread 0x000001df43bf09d0 nmethod 58 0x000001df32842810 code [0x000001df328429a0, 0x000001df32842a78]
Event: 0.068 Thread 0x000001df43bf09d0   57       1       java.lang.module.ModuleDescriptor$Exports::targets (5 bytes)
Event: 0.068 Thread 0x000001df43bf09d0 nmethod 57 0x000001df32842b10 code [0x000001df32842ca0, 0x000001df32842d78]
Event: 0.069 Thread 0x000001df43bf09d0   60       3       java.lang.AbstractStringBuilder::ensureCapacityInternal (39 bytes)
Event: 0.069 Thread 0x000001df43bf09d0 nmethod 60 0x000001df2b324210 code [0x000001df2b3243c0, 0x000001df2b3245f8]
Event: 0.069 Thread 0x000001df43bf09d0   61       3       java.lang.Math::min (11 bytes)
Event: 0.069 Thread 0x000001df43bf09d0 nmethod 61 0x000001df2b324710 code [0x000001df2b3248a0, 0x000001df2b3249d8]
Event: 0.071 Thread 0x000001df43bf09d0   62       3       java.lang.String::isEmpty (14 bytes)
Event: 0.071 Thread 0x000001df43bf09d0 nmethod 62 0x000001df2b324a90 code [0x000001df2b324c20, 0x000001df2b324d98]

GC Heap History (0 events):
No events

Deoptimization events (0 events):
No events

Classes unloaded (0 events):
No events

Classes redefined (0 events):
No events

Internal exceptions (0 events):
No events

Events (20 events):
Event: 0.070 Thread 0x000001df448d1220 Thread added: 0x000001df448d1220
Event: 0.071 loading class java/awt/event/ActionListener
Event: 0.071 loading class java/util/EventListener
Event: 0.071 loading class java/util/EventListener done
Event: 0.071 loading class java/awt/event/ActionListener done
Event: 0.071 loading class javax/swing/JFrame
Event: 0.071 loading class javax/swing/WindowConstants
Event: 0.071 loading class javax/swing/WindowConstants done
Event: 0.071 loading class javax/accessibility/Accessible
Event: 0.071 loading class javax/accessibility/Accessible done
Event: 0.071 loading class javax/swing/RootPaneContainer
Event: 0.071 loading class javax/swing/RootPaneContainer done
Event: 0.071 loading class javax/swing/TransferHandler$HasGetTransferHandler
Event: 0.071 loading class javax/swing/TransferHandler$HasGetTransferHandler done
Event: 0.071 loading class java/awt/Frame
Event: 0.071 loading class java/awt/MenuContainer
Event: 0.071 loading class java/awt/MenuContainer done
Event: 0.071 loading class java/awt/Window
Event: 0.072 loading class java/awt/Container
Event: 0.072 loading class java/awt/Component


Dynamic libraries:
0x00007ff7847b0000 - 0x00007ff7847c0000 	C:\Program Files\Java\jdk-16.0.2\bin\javaw.exe
0x00007ffbde910000 - 0x00007ffbdeb05000 	C:\Windows\SYSTEM32\ntdll.dll
0x00007ffbdd570000 - 0x00007ffbdd62d000 	C:\Windows\System32\KERNEL32.DLL
0x00007ffbdc310000 - 0x00007ffbdc5d9000 	C:\Windows\System32\KERNELBASE.dll
0x00007ffbdc740000 - 0x00007ffbdc840000 	C:\Windows\System32\ucrtbase.dll
0x00007ffbd7ac0000 - 0x00007ffbd7ad8000 	C:\Program Files\Java\jdk-16.0.2\bin\jli.dll
0x00007ffbc77d0000 - 0x00007ffbc77e9000 	C:\Program Files\Java\jdk-16.0.2\bin\VCRUNTIME140.dll
0x00007ffbdd4c0000 - 0x00007ffbdd56c000 	C:\Windows\System32\ADVAPI32.dll
0x00007ffbdda10000 - 0x00007ffbddaae000 	C:\Windows\System32\msvcrt.dll
0x00007ffbdde90000 - 0x00007ffbddf2b000 	C:\Windows\System32\sechost.dll
0x00007ffbdd650000 - 0x00007ffbdd77a000 	C:\Windows\System32\RPCRT4.dll
0x00007ffbde730000 - 0x00007ffbde8d0000 	C:\Windows\System32\USER32.dll
0x00007ffbdc0e0000 - 0x00007ffbdc102000 	C:\Windows\System32\win32u.dll
0x00007ffbdcae0000 - 0x00007ffbdcb0a000 	C:\Windows\System32\GDI32.dll
0x00007ffbca080000 - 0x00007ffbca31a000 	C:\Windows\WinSxS\amd64_microsoft.windows.common-controls_6595b64144ccf1df_6.0.19041.1110_none_60b5254171f9507e\COMCTL32.dll
0x00007ffbdc200000 - 0x00007ffbdc30b000 	C:\Windows\System32\gdi32full.dll
0x00007ffbdc040000 - 0x00007ffbdc0dd000 	C:\Windows\System32\msvcp_win.dll
0x00007ffbd5870000 - 0x00007ffbd587a000 	C:\Windows\SYSTEM32\VERSION.dll
0x00007ffbde220000 - 0x00007ffbde250000 	C:\Windows\System32\IMM32.DLL
0x00007ffbca830000 - 0x00007ffbca83c000 	C:\Program Files\Java\jdk-16.0.2\bin\vcruntime140_1.dll
0x00007ffba9200000 - 0x00007ffba9291000 	C:\Program Files\Java\jdk-16.0.2\bin\msvcp140.dll
0x00007ffb7afd0000 - 0x00007ffb7bb7b000 	C:\Program Files\Java\jdk-16.0.2\bin\server\jvm.dll
0x00007ffbdd790000 - 0x00007ffbdd798000 	C:\Windows\System32\PSAPI.DLL
0x00007ffbbeb40000 - 0x00007ffbbeb67000 	C:\Windows\SYSTEM32\WINMM.dll
0x00007ffbc9570000 - 0x00007ffbc9579000 	C:\Windows\SYSTEM32\WSOCK32.dll
0x00007ffbde1b0000 - 0x00007ffbde21b000 	C:\Windows\System32\WS2_32.dll
0x00007ffbd9e70000 - 0x00007ffbd9e82000 	C:\Windows\SYSTEM32\kernel.appcore.dll
0x00007ffbcbf40000 - 0x00007ffbcbf4a000 	C:\Program Files\Java\jdk-16.0.2\bin\jimage.dll
0x00007ffbbe6c0000 - 0x00007ffbbe8a4000 	C:\Windows\SYSTEM32\DBGHELP.DLL
0x00007ffbbe670000 - 0x00007ffbbe69c000 	C:\Windows\SYSTEM32\dbgcore.DLL
0x00007ffbdc110000 - 0x00007ffbdc193000 	C:\Windows\System32\bcryptPrimitives.dll
0x00007ffbc8f00000 - 0x00007ffbc8f25000 	C:\Program Files\Java\jdk-16.0.2\bin\java.dll
0x00007ffbdcc40000 - 0x00007ffbdd37f000 	C:\Windows\System32\SHELL32.dll
0x00007ffbda150000 - 0x00007ffbda8e0000 	C:\Windows\SYSTEM32\windows.storage.dll
0x00007ffbddab0000 - 0x00007ffbdde05000 	C:\Windows\System32\combase.dll
0x00007ffbdbaa0000 - 0x00007ffbdbacc000 	C:\Windows\SYSTEM32\Wldp.dll
0x00007ffbdd410000 - 0x00007ffbdd4be000 	C:\Windows\System32\SHCORE.dll
0x00007ffbdc970000 - 0x00007ffbdc9c5000 	C:\Windows\System32\shlwapi.dll
0x00007ffbdbf80000 - 0x00007ffbdbf9f000 	C:\Windows\SYSTEM32\profapi.dll

dbghelp: loaded successfully - version: 4.0.5 - missing functions: none
symbol engine: initialized successfully - sym options: 0x614 - pdb path: .;C:\Program Files\Java\jdk-16.0.2\bin;C:\Windows\SYSTEM32;C:\Windows\WinSxS\amd64_microsoft.windows.common-controls_6595b64144ccf1df_6.0.19041.1110_none_60b5254171f9507e;C:\Program Files\Java\jdk-16.0.2\bin\server

VM Arguments:
jvm_args: -Dfile.encoding=MS949 -XX:+ShowCodeDetailsInExceptionMessages 
java_command: quiz0908.HelloInsertForm
java_class_path (initial): C:\Users\user\eclipse-workspace\OracleJdbc\bin;C:\Users\user\Desktop\IDE\ojdbc10-full.tar\ojdbc10-full\osdt_core.jar;C:\Users\user\Desktop\IDE\ojdbc10-full.tar\ojdbc10-full\osdt_cert.jar;C:\Users\user\Desktop\IDE\ojdbc10-full.tar\ojdbc10-full\oraclepki.jar;C:\Users\user\Desktop\IDE\ojdbc10-full.tar\ojdbc10-full\ojdbc10.jar
Launcher Type: SUN_STANDARD

[Global flags]
     intx CICompilerCount                          = 4                                         {product} {ergonomic}
     uint ConcGCThreads                            = 2                                         {product} {ergonomic}
     uint G1ConcRefinementThreads                  = 8                                         {product} {ergonomic}
   size_t G1HeapRegionSize                         = 2097152                                   {product} {ergonomic}
    uintx GCDrainStackTargetSize                   = 64                                        {product} {ergonomic}
   size_t InitialHeapSize                          = 201326592                                 {product} {ergonomic}
   size_t MarkStackSize                            = 4194304                                   {product} {ergonomic}
   size_t MaxHeapSize                              = 3189768192                                {product} {ergonomic}
   size_t MaxNewSize                               = 1912602624                                {product} {ergonomic}
   size_t MinHeapDeltaBytes                        = 2097152                                   {product} {ergonomic}
   size_t MinHeapSize                              = 8388608                                   {product} {ergonomic}
    uintx NonNMethodCodeHeapSize                   = 5839372                                {pd product} {ergonomic}
    uintx NonProfiledCodeHeapSize                  = 122909434                              {pd product} {ergonomic}
    uintx ProfiledCodeHeapSize                     = 122909434                              {pd product} {ergonomic}
    uintx ReservedCodeCacheSize                    = 251658240                              {pd product} {ergonomic}
     bool SegmentedCodeCache                       = true                                      {product} {ergonomic}
     bool ShowCodeDetailsInExceptionMessages       = true                                   {manageable} {command line}
   size_t SoftMaxHeapSize                          = 3189768192                             {manageable} {ergonomic}
     bool UseCompressedClassPointers               = true                           {product lp64_product} {ergonomic}
     bool UseCompressedOops                        = true                           {product lp64_product} {ergonomic}
     bool UseG1GC                                  = true                                      {product} {ergonomic}
     bool UseLargePagesIndividualAllocation        = false                                  {pd product} {ergonomic}

Logging:
Log output configuration:
 #0: stdout all=warning uptime,level,tags
 #1: stderr all=off uptime,level,tags

Environment Variables:
JAVA_HOME=C:\Program Files\Java\jdk-16.0.2
PATH=C:/Program Files/Java/jdk-16.0.2/bin/server;C:/Program Files/Java/jdk-16.0.2/bin;C:\database\WINDOWS.X64_193000_db_home\bin;C:\app\user\product\18.0.0\dbhomeXE\bin;C:\Program Files\Python39\Scripts\;C:\Program Files\Python39\;C:\Program Files\Common Files\Oracle\Java\javapath;c:\jdk1.8\bin;C:\Program Files (x86)\Common Files\Oracle\Java\javapath;C:\Program Files (x86)\NAT Service;C:\Windows\system32;C:\Windows;C:\Windows\System32\Wbem;C:\Windows\System32\WindowsPowerShell\v1.0\;C:\Windows\System32\OpenSSH\;C:\Program Files\Git\cmd;C:\Program Files\Java\jdk-16.0.2\bin;C:\Users\user\AppData\Local\Microsoft\WindowsApps;C:\Users\user\AppData\Local\Programs\Microsoft VS Code\bin;C:\Users\user\AppData\Local\GitHubDesktop\bin;C:\Users\user\Desktop\IDE;
USERNAME=user
OS=Windows_NT
PROCESSOR_IDENTIFIER=Intel64 Family 6 Model 158 Stepping 10, GenuineIntel



---------------  S Y S T E M  ---------------

OS:
 Windows 10 , 64 bit Build 19041 (10.0.19041.1151)
OS uptime: 8 days 12:53 hours

CPU: total 8 (initial active 8) (4 cores per cpu, 2 threads per core) family 6 model 158 stepping 10 microcode 0xb4, cx8, cmov, fxsr, ht, mmx, 3dnowpref, sse, sse2, sse3, ssse3, sse4.1, sse4.2, popcnt, lzcnt, tsc, tscinvbit, avx, avx2, aes, erms, clmul, bmi1, bmi2, adx, fma, vzeroupper, clflush, clflushopt

Memory: 4k page, system-wide physical 12162M (2787M free)
TotalPageFile size 46006M (AvailPageFile size 3M)
current process WorkingSet (physical memory assigned to process): 28M, peak: 28M
current process commit charge ("private bytes"): 276M, peak: 276M

vm_info: Java HotSpot(TM) 64-Bit Server VM (16.0.2+7-67) for windows-amd64 JRE (16.0.2+7-67), built on Jun  8 2021 23:24:19 by "mach5one" with MS VC++ 16.7 (VS2019)

END.
